<?xml version="1.0" encoding="UTF-8"?>
<!-- Generated by org.testng.reporters.JUnitXMLReporter -->
<testsuite ignored="0" hostname="Muntasir" failures="0" tests="4" name="Test" time="10.827" errors="0" timestamp="2024-10-31T15:29:37 EDT">
  <testcase classname="io.cucumber.testng.AbstractTestNGCucumberTests" name="runScenario" time="4.174"/>
  <testcase classname="io.cucumber.testng.AbstractTestNGCucumberTests" name="runScenario" time="3.558"/>
  <testcase classname="io.cucumber.testng.AbstractTestNGCucumberTests" name="runScenario" time="2.894"/>
  <testcase classname="com.testrun.Runner" name="setup3" time="0.001"/>
</testsuite> <!-- Test -->
