<?xml version="1.0" encoding="UTF-8"?>
<testng-results ignored="0" total="2" passed="2" failed="0" skipped="0">
  <reporter-output>
  </reporter-output>
  <suite started-at="2024-12-18T19:54:03 EST" name="Suite" finished-at="2024-12-18T19:54:06 EST" duration-ms="3308">
    <groups>
      <group name="cucumber">
        <method signature="AbstractTestNGCucumberTests.runScenario(io.cucumber.testng.PickleEventWrapper,io.cucumber.testng.CucumberFeatureWrapper)[pri:0, instance:com.testrun.Runner@1b2abca6]" name="runScenario" class="io.cucumber.testng.AbstractTestNGCucumberTests"/>
      </group> <!-- cucumber -->
    </groups>
    <test started-at="2024-12-18T19:54:03 EST" name="Test" finished-at="2024-12-18T19:54:06 EST" duration-ms="3308">
      <class name="com.testrun.Runner">
        <test-method is-config="true" signature="setup2()[pri:0, instance:com.testrun.Runner@1b2abca6]" started-at="2024-12-18T19:54:03 EST" name="setup2" finished-at="2024-12-18T19:54:03 EST" duration-ms="5" status="PASS">
          <reporter-output>
          </reporter-output>
        </test-method> <!-- setup2 -->
        <test-method is-config="true" signature="setUpClass()[pri:0, instance:com.testrun.Runner@1b2abca6]" started-at="2024-12-18T19:54:03 EST" name="setUpClass" finished-at="2024-12-18T19:54:03 EST" duration-ms="57" status="PASS">
          <reporter-output>
          </reporter-output>
        </test-method> <!-- setUpClass -->
        <test-method signature="runScenario(io.cucumber.testng.PickleEventWrapper,io.cucumber.testng.CucumberFeatureWrapper)[pri:0, instance:com.testrun.Runner@1b2abca6]" started-at="2024-12-18T19:54:03 EST" name="runScenario" description="Runs Cucumber Scenarios" data-provider="scenarios" finished-at="2024-12-18T19:54:06 EST" duration-ms="3174" status="PASS">
          <params>
            <param index="0">
              <value>
                <![CDATA["as para bank user, login should success with valid credential"]]>
              </value>
            </param>
            <param index="1">
              <value>
                <![CDATA["login function test"]]>
              </value>
            </param>
          </params>
          <reporter-output>
          </reporter-output>
        </test-method> <!-- runScenario -->
        <test-method signature="setup3()[pri:0, instance:com.testrun.Runner@1b2abca6]" started-at="2024-12-18T19:54:06 EST" name="setup3" finished-at="2024-12-18T19:54:06 EST" duration-ms="0" status="PASS">
          <reporter-output>
          </reporter-output>
        </test-method> <!-- setup3 -->
        <test-method is-config="true" signature="tearDownClass()[pri:0, instance:com.testrun.Runner@1b2abca6]" started-at="2024-12-18T19:54:06 EST" name="tearDownClass" finished-at="2024-12-18T19:54:06 EST" duration-ms="20" status="PASS">
          <reporter-output>
          </reporter-output>
        </test-method> <!-- tearDownClass -->
        <test-method is-config="true" signature="setup4()[pri:0, instance:com.testrun.Runner@1b2abca6]" started-at="2024-12-18T19:54:06 EST" name="setup4" finished-at="2024-12-18T19:54:06 EST" duration-ms="1" status="PASS">
          <reporter-output>
          </reporter-output>
        </test-method> <!-- setup4 -->
      </class> <!-- com.testrun.Runner -->
    </test> <!-- Test -->
  </suite> <!-- Suite -->
</testng-results>
