<?xml version="1.0" encoding="UTF-8"?>
<testng-results ignored="0" total="4" passed="4" failed="0" skipped="0">
  <reporter-output>
  </reporter-output>
  <suite started-at="2024-10-31T15:29:26 EDT" name="Suite" finished-at="2024-10-31T15:29:37 EDT" duration-ms="10827">
    <groups>
      <group name="cucumber">
        <method signature="AbstractTestNGCucumberTests.runScenario(io.cucumber.testng.PickleEventWrapper,io.cucumber.testng.CucumberFeatureWrapper)[pri:0, instance:com.testrun.Runner@4fb3ee4e]" name="runScenario" class="io.cucumber.testng.AbstractTestNGCucumberTests"/>
      </group> <!-- cucumber -->
    </groups>
    <test started-at="2024-10-31T15:29:26 EDT" name="Test" finished-at="2024-10-31T15:29:37 EDT" duration-ms="10827">
      <class name="com.testrun.Runner">
        <test-method is-config="true" signature="setup2()[pri:0, instance:com.testrun.Runner@4fb3ee4e]" started-at="2024-10-31T15:29:26 EDT" name="setup2" finished-at="2024-10-31T15:29:26 EDT" duration-ms="6" status="PASS">
          <reporter-output>
          </reporter-output>
        </test-method> <!-- setup2 -->
        <test-method is-config="true" signature="setUpClass()[pri:0, instance:com.testrun.Runner@4fb3ee4e]" started-at="2024-10-31T15:29:26 EDT" name="setUpClass" finished-at="2024-10-31T15:29:26 EDT" duration-ms="77" status="PASS">
          <reporter-output>
          </reporter-output>
        </test-method> <!-- setUpClass -->
        <test-method signature="runScenario(io.cucumber.testng.PickleEventWrapper,io.cucumber.testng.CucumberFeatureWrapper)[pri:0, instance:com.testrun.Runner@4fb3ee4e]" started-at="2024-10-31T15:29:26 EDT" name="runScenario" description="Runs Cucumber Scenarios" data-provider="scenarios" finished-at="2024-10-31T15:29:30 EDT" duration-ms="4174" status="PASS">
          <params>
            <param index="0">
              <value>
                <![CDATA["as para bank user, login should success with valid credential"]]>
              </value>
            </param>
            <param index="1">
              <value>
                <![CDATA["login function test"]]>
              </value>
            </param>
          </params>
          <reporter-output>
          </reporter-output>
        </test-method> <!-- runScenario -->
        <test-method signature="runScenario(io.cucumber.testng.PickleEventWrapper,io.cucumber.testng.CucumberFeatureWrapper)[pri:0, instance:com.testrun.Runner@4fb3ee4e]" started-at="2024-10-31T15:29:30 EDT" name="runScenario" description="Runs Cucumber Scenarios" data-provider="scenarios" finished-at="2024-10-31T15:29:34 EDT" duration-ms="3558" status="PASS">
          <params>
            <param index="0">
              <value>
                <![CDATA["as para bank user, login should fail with invalid credential"]]>
              </value>
            </param>
            <param index="1">
              <value>
                <![CDATA["login function test"]]>
              </value>
            </param>
          </params>
          <reporter-output>
          </reporter-output>
        </test-method> <!-- runScenario -->
        <test-method signature="runScenario(io.cucumber.testng.PickleEventWrapper,io.cucumber.testng.CucumberFeatureWrapper)[pri:0, instance:com.testrun.Runner@4fb3ee4e]" started-at="2024-10-31T15:29:34 EDT" name="runScenario" description="Runs Cucumber Scenarios" data-provider="scenarios" finished-at="2024-10-31T15:29:37 EDT" duration-ms="2894" status="PASS">
          <params>
            <param index="0">
              <value>
                <![CDATA["as para bank user, login should fail with null credential"]]>
              </value>
            </param>
            <param index="1">
              <value>
                <![CDATA["login function test"]]>
              </value>
            </param>
          </params>
          <reporter-output>
          </reporter-output>
        </test-method> <!-- runScenario -->
        <test-method signature="setup3()[pri:0, instance:com.testrun.Runner@4fb3ee4e]" started-at="2024-10-31T15:29:37 EDT" name="setup3" finished-at="2024-10-31T15:29:37 EDT" duration-ms="1" status="PASS">
          <reporter-output>
          </reporter-output>
        </test-method> <!-- setup3 -->
        <test-method is-config="true" signature="tearDownClass()[pri:0, instance:com.testrun.Runner@4fb3ee4e]" started-at="2024-10-31T15:29:37 EDT" name="tearDownClass" finished-at="2024-10-31T15:29:37 EDT" duration-ms="46" status="PASS">
          <reporter-output>
          </reporter-output>
        </test-method> <!-- tearDownClass -->
        <test-method is-config="true" signature="setup4()[pri:0, instance:com.testrun.Runner@4fb3ee4e]" started-at="2024-10-31T15:29:37 EDT" name="setup4" finished-at="2024-10-31T15:29:37 EDT" duration-ms="1" status="PASS">
          <reporter-output>
          </reporter-output>
        </test-method> <!-- setup4 -->
      </class> <!-- com.testrun.Runner -->
    </test> <!-- Test -->
  </suite> <!-- Suite -->
</testng-results>
