[
  {
    "line": 2,
    "elements": [
      {
        "start_timestamp": "2024-11-14T01:51:58.862Z",
        "line": 15,
        "name": "as para bank user, login should success with valid credential",
        "description": "",
        "id": "login-function;as-para-bank-user--login-should-success-with-valid-credential;;2",
        "type": "scenario",
        "keyword": "Scenario Outline",
        "steps": [
          {
            "result": {
              "duration": 1865122600,
              "status": "passed"
            },
            "line": 6,
            "name": "open browser",
            "match": {
              "location": "StepDef.open_browser()"
            },
            "keyword": "Given "
          },
          {
            "result": {
              "duration": 1634267000,
              "status": "passed"
            },
            "line": 7,
            "name": "go to para bank application",
            "match": {
              "location": "StepDef.go_to_para_bank_application()"
            },
            "keyword": "And "
          },
          {
            "result": {
              "duration": 625252900,
              "status": "passed"
            },
            "line": 8,
            "name": "put valid user name \"Row1_Col0\"",
            "match": {
              "arguments": [
                {
                  "val": "\"Row1_Col0\"",
                  "offset": 20
                }
              ],
              "location": "StepDef.put_valid_user_name(String)"
            },
            "keyword": "When "
          },
          {
            "result": {
              "duration": 143760200,
              "status": "passed"
            },
            "line": 9,
            "name": "put valid password \"Row1_Col1\"",
            "match": {
              "arguments": [
                {
                  "val": "\"Row1_Col1\"",
                  "offset": 19
                }
              ],
              "location": "StepDef.put_valid_password(String)"
            },
            "keyword": "And "
          },
          {
            "result": {
              "duration": 422222500,
              "status": "passed"
            },
            "line": 10,
            "name": "click login button",
            "match": {
              "location": "StepDef.click_login_button()"
            },
            "keyword": "And "
          },
          {
            "result": {
              "error_message": "org.openqa.selenium.NoSuchElementException: no such element: Unable to locate element: {\"method\":\"xpath\",\"selector\":\"//*[text()\u003d\u0027Log Out\u0027]\"}\n  (Session info: chrome\u003d130.0.6723.117)\nFor documentation on this error, please visit: https://www.selenium.dev/documentation/webdriver/troubleshooting/errors#no-such-element-exception\nBuild info: version: \u00274.25.0\u0027, revision: \u00278a8aea2337\u0027\nSystem info: os.name: \u0027Windows 11\u0027, os.arch: \u0027amd64\u0027, os.version: \u002710.0\u0027, java.version: \u002717.0.2\u0027\nDriver info: org.openqa.selenium.chrome.ChromeDriver\nCommand: [f5c53484db68784fd9ae2e3e07d3f8cc, findElement {using\u003dxpath, value\u003d//*[text()\u003d\u0027Log Out\u0027]}]\nCapabilities {acceptInsecureCerts: false, browserName: chrome, browserVersion: 130.0.6723.117, chrome: {chromedriverVersion: 130.0.6723.116 (6ac35f94ae3..., userDataDir: C:\\Users\\munta\\AppData\\Loca...}, fedcm:accounts: true, goog:chromeOptions: {debuggerAddress: localhost:61514}, networkConnectionEnabled: false, pageLoadStrategy: normal, platformName: windows, proxy: Proxy(), se:cdp: ws://localhost:61514/devtoo..., se:cdpVersion: 130.0.6723.117, setWindowRect: true, strictFileInteractability: false, timeouts: {implicit: 0, pageLoad: 300000, script: 30000}, unhandledPromptBehavior: dismiss and notify, webauthn:extension:credBlob: true, webauthn:extension:largeBlob: true, webauthn:extension:minPinLength: true, webauthn:extension:prf: true, webauthn:virtualAuthenticators: true}\nSession ID: f5c53484db68784fd9ae2e3e07d3f8cc\r\n\tat java.base/jdk.internal.reflect.NativeConstructorAccessorImpl.newInstance0(Native Method)\r\n\tat java.base/jdk.internal.reflect.NativeConstructorAccessorImpl.newInstance(NativeConstructorAccessorImpl.java:77)\r\n\tat java.base/jdk.internal.reflect.DelegatingConstructorAccessorImpl.newInstance(DelegatingConstructorAccessorImpl.java:45)\r\n\tat java.base/java.lang.reflect.Constructor.newInstanceWithCaller(Constructor.java:499)\r\n\tat java.base/java.lang.reflect.Constructor.newInstance(Constructor.java:480)\r\n\tat org.openqa.selenium.remote.ErrorCodec.decode(ErrorCodec.java:167)\r\n\tat org.openqa.selenium.remote.codec.w3c.W3CHttpResponseCodec.decode(W3CHttpResponseCodec.java:138)\r\n\tat org.openqa.selenium.remote.codec.w3c.W3CHttpResponseCodec.decode(W3CHttpResponseCodec.java:50)\r\n\tat org.openqa.selenium.remote.HttpCommandExecutor.execute(HttpCommandExecutor.java:190)\r\n\tat org.openqa.selenium.remote.service.DriverCommandExecutor.invokeExecute(DriverCommandExecutor.java:216)\r\n\tat org.openqa.selenium.remote.service.DriverCommandExecutor.execute(DriverCommandExecutor.java:174)\r\n\tat org.openqa.selenium.remote.RemoteWebDriver.execute(RemoteWebDriver.java:545)\r\n\tat org.openqa.selenium.remote.ElementLocation$ElementFinder$2.findElement(ElementLocation.java:165)\r\n\tat org.openqa.selenium.remote.ElementLocation.findElement(ElementLocation.java:59)\r\n\tat org.openqa.selenium.remote.RemoteWebDriver.findElement(RemoteWebDriver.java:368)\r\n\tat org.openqa.selenium.remote.RemoteWebDriver.findElement(RemoteWebDriver.java:362)\r\n\tat com.generic.StepDef.login_should_pass_and_logout_button_should_visible(StepDef.java:66)\r\n\tat ✽.login should pass and logout button should visible(file:src/main/resources/ParabankLoginValidMultipleCredential.feature:11)\r\n",
              "duration": 5029779500,
              "status": "failed"
            },
            "line": 11,
            "name": "login should pass and logout button should visible",
            "match": {
              "location": "StepDef.login_should_pass_and_logout_button_should_visible()"
            },
            "keyword": "Then "
          }
        ],
        "tags": [
          {
            "name": "@Smoke"
          },
          {
            "name": "@Regression"
          },
          {
            "name": "@Functional"
          },
          {
            "name": "@Positive"
          },
          {
            "name": "@TC_BOL12"
          }
        ]
      },
      {
        "start_timestamp": "2024-11-14T01:52:08.584Z",
        "line": 16,
        "name": "as para bank user, login should success with valid credential",
        "description": "",
        "id": "login-function;as-para-bank-user--login-should-success-with-valid-credential;;3",
        "type": "scenario",
        "keyword": "Scenario Outline",
        "steps": [
          {
            "result": {
              "duration": 1564703800,
              "status": "passed"
            },
            "line": 6,
            "name": "open browser",
            "match": {
              "location": "StepDef.open_browser()"
            },
            "keyword": "Given "
          },
          {
            "result": {
              "duration": 407766000,
              "status": "passed"
            },
            "line": 7,
            "name": "go to para bank application",
            "match": {
              "location": "StepDef.go_to_para_bank_application()"
            },
            "keyword": "And "
          },
          {
            "result": {
              "duration": 1064423800,
              "status": "passed"
            },
            "line": 8,
            "name": "put valid user name \"Row2_Col0\"",
            "match": {
              "arguments": [
                {
                  "val": "\"Row2_Col0\"",
                  "offset": 20
                }
              ],
              "location": "StepDef.put_valid_user_name(String)"
            },
            "keyword": "When "
          },
          {
            "result": {
              "duration": 265134100,
              "status": "passed"
            },
            "line": 9,
            "name": "put valid password \"Row2_Col1\"",
            "match": {
              "arguments": [
                {
                  "val": "\"Row2_Col1\"",
                  "offset": 19
                }
              ],
              "location": "StepDef.put_valid_password(String)"
            },
            "keyword": "And "
          },
          {
            "result": {
              "duration": 507508800,
              "status": "passed"
            },
            "line": 10,
            "name": "click login button",
            "match": {
              "location": "StepDef.click_login_button()"
            },
            "keyword": "And "
          },
          {
            "result": {
              "error_message": "org.openqa.selenium.NoSuchElementException: no such element: Unable to locate element: {\"method\":\"xpath\",\"selector\":\"//*[text()\u003d\u0027Log Out\u0027]\"}\n  (Session info: chrome\u003d130.0.6723.117)\nFor documentation on this error, please visit: https://www.selenium.dev/documentation/webdriver/troubleshooting/errors#no-such-element-exception\nBuild info: version: \u00274.25.0\u0027, revision: \u00278a8aea2337\u0027\nSystem info: os.name: \u0027Windows 11\u0027, os.arch: \u0027amd64\u0027, os.version: \u002710.0\u0027, java.version: \u002717.0.2\u0027\nDriver info: org.openqa.selenium.chrome.ChromeDriver\nCommand: [1eac253b460fec54d21f85f3f88861e4, findElement {using\u003dxpath, value\u003d//*[text()\u003d\u0027Log Out\u0027]}]\nCapabilities {acceptInsecureCerts: false, browserName: chrome, browserVersion: 130.0.6723.117, chrome: {chromedriverVersion: 130.0.6723.116 (6ac35f94ae3..., userDataDir: C:\\Users\\munta\\AppData\\Loca...}, fedcm:accounts: true, goog:chromeOptions: {debuggerAddress: localhost:61533}, networkConnectionEnabled: false, pageLoadStrategy: normal, platformName: windows, proxy: Proxy(), se:cdp: ws://localhost:61533/devtoo..., se:cdpVersion: 130.0.6723.117, setWindowRect: true, strictFileInteractability: false, timeouts: {implicit: 0, pageLoad: 300000, script: 30000}, unhandledPromptBehavior: dismiss and notify, webauthn:extension:credBlob: true, webauthn:extension:largeBlob: true, webauthn:extension:minPinLength: true, webauthn:extension:prf: true, webauthn:virtualAuthenticators: true}\nSession ID: 1eac253b460fec54d21f85f3f88861e4\r\n\tat java.base/jdk.internal.reflect.NativeConstructorAccessorImpl.newInstance0(Native Method)\r\n\tat java.base/jdk.internal.reflect.NativeConstructorAccessorImpl.newInstance(NativeConstructorAccessorImpl.java:77)\r\n\tat java.base/jdk.internal.reflect.DelegatingConstructorAccessorImpl.newInstance(DelegatingConstructorAccessorImpl.java:45)\r\n\tat java.base/java.lang.reflect.Constructor.newInstanceWithCaller(Constructor.java:499)\r\n\tat java.base/java.lang.reflect.Constructor.newInstance(Constructor.java:480)\r\n\tat org.openqa.selenium.remote.ErrorCodec.decode(ErrorCodec.java:167)\r\n\tat org.openqa.selenium.remote.codec.w3c.W3CHttpResponseCodec.decode(W3CHttpResponseCodec.java:138)\r\n\tat org.openqa.selenium.remote.codec.w3c.W3CHttpResponseCodec.decode(W3CHttpResponseCodec.java:50)\r\n\tat org.openqa.selenium.remote.HttpCommandExecutor.execute(HttpCommandExecutor.java:190)\r\n\tat org.openqa.selenium.remote.service.DriverCommandExecutor.invokeExecute(DriverCommandExecutor.java:216)\r\n\tat org.openqa.selenium.remote.service.DriverCommandExecutor.execute(DriverCommandExecutor.java:174)\r\n\tat org.openqa.selenium.remote.RemoteWebDriver.execute(RemoteWebDriver.java:545)\r\n\tat org.openqa.selenium.remote.ElementLocation$ElementFinder$2.findElement(ElementLocation.java:165)\r\n\tat org.openqa.selenium.remote.ElementLocation.findElement(ElementLocation.java:59)\r\n\tat org.openqa.selenium.remote.RemoteWebDriver.findElement(RemoteWebDriver.java:368)\r\n\tat org.openqa.selenium.remote.RemoteWebDriver.findElement(RemoteWebDriver.java:362)\r\n\tat com.generic.StepDef.login_should_pass_and_logout_button_should_visible(StepDef.java:66)\r\n\tat ✽.login should pass and logout button should visible(file:src/main/resources/ParabankLoginValidMultipleCredential.feature:11)\r\n",
              "duration": 5046844600,
              "status": "failed"
            },
            "line": 11,
            "name": "login should pass and logout button should visible",
            "match": {
              "location": "StepDef.login_should_pass_and_logout_button_should_visible()"
            },
            "keyword": "Then "
          }
        ],
        "tags": [
          {
            "name": "@Smoke"
          },
          {
            "name": "@Regression"
          },
          {
            "name": "@Functional"
          },
          {
            "name": "@Positive"
          },
          {
            "name": "@TC_BOL12"
          }
        ]
      },
      {
        "start_timestamp": "2024-11-14T01:52:17.455Z",
        "line": 17,
        "name": "as para bank user, login should success with valid credential",
        "description": "",
        "id": "login-function;as-para-bank-user--login-should-success-with-valid-credential;;4",
        "type": "scenario",
        "keyword": "Scenario Outline",
        "steps": [
          {
            "result": {
              "duration": 1487560900,
              "status": "passed"
            },
            "line": 6,
            "name": "open browser",
            "match": {
              "location": "StepDef.open_browser()"
            },
            "keyword": "Given "
          },
          {
            "result": {
              "duration": 1066305600,
              "status": "passed"
            },
            "line": 7,
            "name": "go to para bank application",
            "match": {
              "location": "StepDef.go_to_para_bank_application()"
            },
            "keyword": "And "
          },
          {
            "result": {
              "duration": 292225100,
              "status": "passed"
            },
            "line": 8,
            "name": "put valid user name \"Row3_Col0\"",
            "match": {
              "arguments": [
                {
                  "val": "\"Row3_Col0\"",
                  "offset": 20
                }
              ],
              "location": "StepDef.put_valid_user_name(String)"
            },
            "keyword": "When "
          },
          {
            "result": {
              "duration": 331572400,
              "status": "passed"
            },
            "line": 9,
            "name": "put valid password \"Row3_Col1\"",
            "match": {
              "arguments": [
                {
                  "val": "\"Row3_Col1\"",
                  "offset": 19
                }
              ],
              "location": "StepDef.put_valid_password(String)"
            },
            "keyword": "And "
          },
          {
            "result": {
              "duration": 531011500,
              "status": "passed"
            },
            "line": 10,
            "name": "click login button",
            "match": {
              "location": "StepDef.click_login_button()"
            },
            "keyword": "And "
          },
          {
            "result": {
              "error_message": "org.openqa.selenium.NoSuchElementException: no such element: Unable to locate element: {\"method\":\"xpath\",\"selector\":\"//*[text()\u003d\u0027Log Out\u0027]\"}\n  (Session info: chrome\u003d130.0.6723.117)\nFor documentation on this error, please visit: https://www.selenium.dev/documentation/webdriver/troubleshooting/errors#no-such-element-exception\nBuild info: version: \u00274.25.0\u0027, revision: \u00278a8aea2337\u0027\nSystem info: os.name: \u0027Windows 11\u0027, os.arch: \u0027amd64\u0027, os.version: \u002710.0\u0027, java.version: \u002717.0.2\u0027\nDriver info: org.openqa.selenium.chrome.ChromeDriver\nCommand: [2c456900f903c6b1e01d9f3130967ba7, findElement {using\u003dxpath, value\u003d//*[text()\u003d\u0027Log Out\u0027]}]\nCapabilities {acceptInsecureCerts: false, browserName: chrome, browserVersion: 130.0.6723.117, chrome: {chromedriverVersion: 130.0.6723.116 (6ac35f94ae3..., userDataDir: C:\\Users\\munta\\AppData\\Loca...}, fedcm:accounts: true, goog:chromeOptions: {debuggerAddress: localhost:61555}, networkConnectionEnabled: false, pageLoadStrategy: normal, platformName: windows, proxy: Proxy(), se:cdp: ws://localhost:61555/devtoo..., se:cdpVersion: 130.0.6723.117, setWindowRect: true, strictFileInteractability: false, timeouts: {implicit: 0, pageLoad: 300000, script: 30000}, unhandledPromptBehavior: dismiss and notify, webauthn:extension:credBlob: true, webauthn:extension:largeBlob: true, webauthn:extension:minPinLength: true, webauthn:extension:prf: true, webauthn:virtualAuthenticators: true}\nSession ID: 2c456900f903c6b1e01d9f3130967ba7\r\n\tat java.base/jdk.internal.reflect.NativeConstructorAccessorImpl.newInstance0(Native Method)\r\n\tat java.base/jdk.internal.reflect.NativeConstructorAccessorImpl.newInstance(NativeConstructorAccessorImpl.java:77)\r\n\tat java.base/jdk.internal.reflect.DelegatingConstructorAccessorImpl.newInstance(DelegatingConstructorAccessorImpl.java:45)\r\n\tat java.base/java.lang.reflect.Constructor.newInstanceWithCaller(Constructor.java:499)\r\n\tat java.base/java.lang.reflect.Constructor.newInstance(Constructor.java:480)\r\n\tat org.openqa.selenium.remote.ErrorCodec.decode(ErrorCodec.java:167)\r\n\tat org.openqa.selenium.remote.codec.w3c.W3CHttpResponseCodec.decode(W3CHttpResponseCodec.java:138)\r\n\tat org.openqa.selenium.remote.codec.w3c.W3CHttpResponseCodec.decode(W3CHttpResponseCodec.java:50)\r\n\tat org.openqa.selenium.remote.HttpCommandExecutor.execute(HttpCommandExecutor.java:190)\r\n\tat org.openqa.selenium.remote.service.DriverCommandExecutor.invokeExecute(DriverCommandExecutor.java:216)\r\n\tat org.openqa.selenium.remote.service.DriverCommandExecutor.execute(DriverCommandExecutor.java:174)\r\n\tat org.openqa.selenium.remote.RemoteWebDriver.execute(RemoteWebDriver.java:545)\r\n\tat org.openqa.selenium.remote.ElementLocation$ElementFinder$2.findElement(ElementLocation.java:165)\r\n\tat org.openqa.selenium.remote.ElementLocation.findElement(ElementLocation.java:59)\r\n\tat org.openqa.selenium.remote.RemoteWebDriver.findElement(RemoteWebDriver.java:368)\r\n\tat org.openqa.selenium.remote.RemoteWebDriver.findElement(RemoteWebDriver.java:362)\r\n\tat com.generic.StepDef.login_should_pass_and_logout_button_should_visible(StepDef.java:66)\r\n\tat ✽.login should pass and logout button should visible(file:src/main/resources/ParabankLoginValidMultipleCredential.feature:11)\r\n",
              "duration": 5060865900,
              "status": "failed"
            },
            "line": 11,
            "name": "login should pass and logout button should visible",
            "match": {
              "location": "StepDef.login_should_pass_and_logout_button_should_visible()"
            },
            "keyword": "Then "
          }
        ],
        "tags": [
          {
            "name": "@Smoke"
          },
          {
            "name": "@Regression"
          },
          {
            "name": "@Functional"
          },
          {
            "name": "@Positive"
          },
          {
            "name": "@TC_BOL12"
          }
        ]
      }
    ],
    "name": "Login function",
    "description": "",
    "id": "login-function",
    "keyword": "Feature",
    "uri": "file:src/main/resources/ParabankLoginValidMultipleCredential.feature",
    "tags": [
      {
        "name": "@Smoke",
        "type": "Tag",
        "location": {
          "line": 1,
          "column": 1
        }
      },
      {
        "name": "@Regression",
        "type": "Tag",
        "location": {
          "line": 1,
          "column": 8
        }
      },
      {
        "name": "@Functional",
        "type": "Tag",
        "location": {
          "line": 1,
          "column": 20
        }
      }
    ]
  }
]