<?xml version="1.0" encoding="UTF-8"?>
<testng-results ignored="0" total="2" passed="2" failed="0" skipped="0">
  <reporter-output>
  </reporter-output>
  <suite started-at="2024-12-18T19:53:09 EST" name="Default suite" finished-at="2024-12-18T19:53:12 EST" duration-ms="3207">
    <groups>
      <group name="cucumber">
        <method signature="AbstractTestNGCucumberTests.runScenario(io.cucumber.testng.PickleEventWrapper,io.cucumber.testng.CucumberFeatureWrapper)[pri:0, instance:com.testrun.Runner@4686afc2]" name="runScenario" class="io.cucumber.testng.AbstractTestNGCucumberTests"/>
      </group> <!-- cucumber -->
    </groups>
    <test started-at="2024-12-18T19:53:09 EST" name="Default test" finished-at="2024-12-18T19:53:12 EST" duration-ms="3207">
      <class name="com.testrun.Runner">
        <test-method is-config="true" signature="setup2()[pri:0, instance:com.testrun.Runner@4686afc2]" started-at="2024-12-18T19:53:09 EST" name="setup2" finished-at="2024-12-18T19:53:09 EST" duration-ms="6" status="PASS">
          <reporter-output>
          </reporter-output>
        </test-method> <!-- setup2 -->
        <test-method is-config="true" signature="setUpClass()[pri:0, instance:com.testrun.Runner@4686afc2]" started-at="2024-12-18T19:53:09 EST" name="setUpClass" finished-at="2024-12-18T19:53:09 EST" duration-ms="60" status="PASS">
          <reporter-output>
          </reporter-output>
        </test-method> <!-- setUpClass -->
        <test-method signature="runScenario(io.cucumber.testng.PickleEventWrapper,io.cucumber.testng.CucumberFeatureWrapper)[pri:0, instance:com.testrun.Runner@4686afc2]" started-at="2024-12-18T19:53:09 EST" name="runScenario" description="Runs Cucumber Scenarios" data-provider="scenarios" finished-at="2024-12-18T19:53:12 EST" duration-ms="3021" status="PASS">
          <params>
            <param index="0">
              <value>
                <![CDATA["as para bank user, login should success with valid credential"]]>
              </value>
            </param>
            <param index="1">
              <value>
                <![CDATA["login function test"]]>
              </value>
            </param>
          </params>
          <reporter-output>
          </reporter-output>
        </test-method> <!-- runScenario -->
        <test-method signature="setup3()[pri:0, instance:com.testrun.Runner@4686afc2]" started-at="2024-12-18T19:53:12 EST" name="setup3" finished-at="2024-12-18T19:53:12 EST" duration-ms="1" status="PASS">
          <reporter-output>
          </reporter-output>
        </test-method> <!-- setup3 -->
        <test-method is-config="true" signature="tearDownClass()[pri:0, instance:com.testrun.Runner@4686afc2]" started-at="2024-12-18T19:53:12 EST" name="tearDownClass" finished-at="2024-12-18T19:53:12 EST" duration-ms="45" status="PASS">
          <reporter-output>
          </reporter-output>
        </test-method> <!-- tearDownClass -->
        <test-method is-config="true" signature="setup4()[pri:0, instance:com.testrun.Runner@4686afc2]" started-at="2024-12-18T19:53:12 EST" name="setup4" finished-at="2024-12-18T19:53:12 EST" duration-ms="0" status="PASS">
          <reporter-output>
          </reporter-output>
        </test-method> <!-- setup4 -->
      </class> <!-- com.testrun.Runner -->
    </test> <!-- Default test -->
  </suite> <!-- Default suite -->
</testng-results>
