<?xml version="1.0" encoding="UTF-8"?>
<testng-results ignored="0" total="4" passed="4" failed="0" skipped="0">
  <reporter-output>
  </reporter-output>
  <suite started-at="2024-10-31T15:28:39 EDT" name="Default suite" finished-at="2024-10-31T15:28:51 EDT" duration-ms="11302">
    <groups>
      <group name="cucumber">
        <method signature="AbstractTestNGCucumberTests.runScenario(io.cucumber.testng.PickleEventWrapper,io.cucumber.testng.CucumberFeatureWrapper)[pri:0, instance:com.testrun.Runner@4d5650ae]" name="runScenario" class="io.cucumber.testng.AbstractTestNGCucumberTests"/>
      </group> <!-- cucumber -->
    </groups>
    <test started-at="2024-10-31T15:28:39 EDT" name="Default test" finished-at="2024-10-31T15:28:51 EDT" duration-ms="11302">
      <class name="com.testrun.Runner">
        <test-method is-config="true" signature="setup2()[pri:0, instance:com.testrun.Runner@4d5650ae]" started-at="2024-10-31T15:28:39 EDT" name="setup2" finished-at="2024-10-31T15:28:39 EDT" duration-ms="7" status="PASS">
          <reporter-output>
          </reporter-output>
        </test-method> <!-- setup2 -->
        <test-method is-config="true" signature="setUpClass()[pri:0, instance:com.testrun.Runner@4d5650ae]" started-at="2024-10-31T15:28:39 EDT" name="setUpClass" finished-at="2024-10-31T15:28:39 EDT" duration-ms="75" status="PASS">
          <reporter-output>
          </reporter-output>
        </test-method> <!-- setUpClass -->
        <test-method signature="runScenario(io.cucumber.testng.PickleEventWrapper,io.cucumber.testng.CucumberFeatureWrapper)[pri:0, instance:com.testrun.Runner@4d5650ae]" started-at="2024-10-31T15:28:40 EDT" name="runScenario" description="Runs Cucumber Scenarios" data-provider="scenarios" finished-at="2024-10-31T15:28:44 EDT" duration-ms="4856" status="PASS">
          <params>
            <param index="0">
              <value>
                <![CDATA["as para bank user, login should success with valid credential"]]>
              </value>
            </param>
            <param index="1">
              <value>
                <![CDATA["login function test"]]>
              </value>
            </param>
          </params>
          <reporter-output>
          </reporter-output>
        </test-method> <!-- runScenario -->
        <test-method signature="runScenario(io.cucumber.testng.PickleEventWrapper,io.cucumber.testng.CucumberFeatureWrapper)[pri:0, instance:com.testrun.Runner@4d5650ae]" started-at="2024-10-31T15:28:44 EDT" name="runScenario" description="Runs Cucumber Scenarios" data-provider="scenarios" finished-at="2024-10-31T15:28:48 EDT" duration-ms="3419" status="PASS">
          <params>
            <param index="0">
              <value>
                <![CDATA["as para bank user, login should fail with invalid credential"]]>
              </value>
            </param>
            <param index="1">
              <value>
                <![CDATA["login function test"]]>
              </value>
            </param>
          </params>
          <reporter-output>
          </reporter-output>
        </test-method> <!-- runScenario -->
        <test-method signature="runScenario(io.cucumber.testng.PickleEventWrapper,io.cucumber.testng.CucumberFeatureWrapper)[pri:0, instance:com.testrun.Runner@4d5650ae]" started-at="2024-10-31T15:28:48 EDT" name="runScenario" description="Runs Cucumber Scenarios" data-provider="scenarios" finished-at="2024-10-31T15:28:51 EDT" duration-ms="2772" status="PASS">
          <params>
            <param index="0">
              <value>
                <![CDATA["as para bank user, login should fail with null credential"]]>
              </value>
            </param>
            <param index="1">
              <value>
                <![CDATA["login function test"]]>
              </value>
            </param>
          </params>
          <reporter-output>
          </reporter-output>
        </test-method> <!-- runScenario -->
        <test-method signature="setup3()[pri:0, instance:com.testrun.Runner@4d5650ae]" started-at="2024-10-31T15:28:51 EDT" name="setup3" finished-at="2024-10-31T15:28:51 EDT" duration-ms="1" status="PASS">
          <reporter-output>
          </reporter-output>
        </test-method> <!-- setup3 -->
        <test-method is-config="true" signature="tearDownClass()[pri:0, instance:com.testrun.Runner@4d5650ae]" started-at="2024-10-31T15:28:51 EDT" name="tearDownClass" finished-at="2024-10-31T15:28:51 EDT" duration-ms="71" status="PASS">
          <reporter-output>
          </reporter-output>
        </test-method> <!-- tearDownClass -->
        <test-method is-config="true" signature="setup4()[pri:0, instance:com.testrun.Runner@4d5650ae]" started-at="2024-10-31T15:28:51 EDT" name="setup4" finished-at="2024-10-31T15:28:51 EDT" duration-ms="0" status="PASS">
          <reporter-output>
          </reporter-output>
        </test-method> <!-- setup4 -->
      </class> <!-- com.testrun.Runner -->
    </test> <!-- Default test -->
  </suite> <!-- Default suite -->
</testng-results>
